INFO [2024-09-17 14:00:40] $x
INFO [2024-09-17 14:00:40] qtl_sets
INFO [2024-09-17 14:00:40] 
INFO [2024-09-17 14:00:40] $category.names
INFO [2024-09-17 14:00:40] c("PBS resQTL", "FNF resQTL", "sigQTL condition")
INFO [2024-09-17 14:00:40] 
INFO [2024-09-17 14:00:40] $filename
INFO [2024-09-17 14:00:40] NULL
INFO [2024-09-17 14:00:40] 
INFO [2024-09-17 14:00:40] $output
INFO [2024-09-17 14:00:40] [1] TRUE
INFO [2024-09-17 14:00:40] 
INFO [2024-09-17 14:00:40] $imagetype
INFO [2024-09-17 14:00:40] [1] "png"
INFO [2024-09-17 14:00:40] 
INFO [2024-09-17 14:00:40] $height
INFO [2024-09-17 14:00:40] [1] 3000
INFO [2024-09-17 14:00:40] 
INFO [2024-09-17 14:00:40] $width
INFO [2024-09-17 14:00:40] [1] 3000
INFO [2024-09-17 14:00:40] 
INFO [2024-09-17 14:00:40] $resolution
INFO [2024-09-17 14:00:40] [1] 300
INFO [2024-09-17 14:00:40] 
INFO [2024-09-17 14:00:40] $compression
INFO [2024-09-17 14:00:40] [1] "lzw"
INFO [2024-09-17 14:00:40] 
INFO [2024-09-17 14:00:40] $lwd
INFO [2024-09-17 14:00:40] [1] 2
INFO [2024-09-17 14:00:40] 
INFO [2024-09-17 14:00:40] $col
INFO [2024-09-17 14:00:40] c("#83DBFB", "#FF939A", "#FFDDA2")
INFO [2024-09-17 14:00:40] 
INFO [2024-09-17 14:00:40] $fill
INFO [2024-09-17 14:00:40] c(alpha("#83DBFB", 0.3), alpha("#FF939A", 0.3), alpha("#FFDDA2", 
INFO [2024-09-17 14:00:40]     0.3))
INFO [2024-09-17 14:00:40] 
INFO [2024-09-17 14:00:40] $cex
INFO [2024-09-17 14:00:40] [1] 0.6
INFO [2024-09-17 14:00:40] 
INFO [2024-09-17 14:00:40] $fontfamily
INFO [2024-09-17 14:00:40] [1] "sans"
INFO [2024-09-17 14:00:40] 
INFO [2024-09-17 14:00:40] $cat.cex
INFO [2024-09-17 14:00:40] [1] 0.6
INFO [2024-09-17 14:00:40] 
INFO [2024-09-17 14:00:40] $cat.default.pos
INFO [2024-09-17 14:00:40] [1] "outer"
INFO [2024-09-17 14:00:40] 
INFO [2024-09-17 14:00:40] $cat.pos
INFO [2024-09-17 14:00:40] c(-27, 27, 135)
INFO [2024-09-17 14:00:40] 
INFO [2024-09-17 14:00:40] $cat.dist
INFO [2024-09-17 14:00:40] c(0.055, 0.055, 0.085)
INFO [2024-09-17 14:00:40] 
INFO [2024-09-17 14:00:40] $cat.fontfamily
INFO [2024-09-17 14:00:40] [1] "sans"
INFO [2024-09-17 14:00:40] 
INFO [2024-09-17 14:00:40] $rotation
INFO [2024-09-17 14:00:40] [1] 1
INFO [2024-09-17 14:00:40] 
