INFO [2024-09-17 14:00:25] $x
INFO [2024-09-17 14:00:25] qtl_sets
INFO [2024-09-17 14:00:25] 
INFO [2024-09-17 14:00:25] $category.names
INFO [2024-09-17 14:00:25] c("PBS resQTL", "FNF resQTL", "sigQTL condition")
INFO [2024-09-17 14:00:25] 
INFO [2024-09-17 14:00:25] $filename
INFO [2024-09-17 14:00:25] NULL
INFO [2024-09-17 14:00:25] 
INFO [2024-09-17 14:00:25] $output
INFO [2024-09-17 14:00:25] [1] TRUE
INFO [2024-09-17 14:00:25] 
INFO [2024-09-17 14:00:25] $imagetype
INFO [2024-09-17 14:00:25] [1] "png"
INFO [2024-09-17 14:00:25] 
INFO [2024-09-17 14:00:25] $height
INFO [2024-09-17 14:00:25] [1] 3000
INFO [2024-09-17 14:00:25] 
INFO [2024-09-17 14:00:25] $width
INFO [2024-09-17 14:00:25] [1] 3000
INFO [2024-09-17 14:00:25] 
INFO [2024-09-17 14:00:25] $resolution
INFO [2024-09-17 14:00:25] [1] 300
INFO [2024-09-17 14:00:25] 
INFO [2024-09-17 14:00:25] $compression
INFO [2024-09-17 14:00:25] [1] "lzw"
INFO [2024-09-17 14:00:25] 
INFO [2024-09-17 14:00:25] $lwd
INFO [2024-09-17 14:00:25] [1] 2
INFO [2024-09-17 14:00:25] 
INFO [2024-09-17 14:00:25] $col
INFO [2024-09-17 14:00:25] c("#83DBFB", "#FF939A", "#FFDDA2")
INFO [2024-09-17 14:00:25] 
INFO [2024-09-17 14:00:25] $fill
INFO [2024-09-17 14:00:25] c(alpha("#83DBFB", 0.3), alpha("#FF939A", 0.3), alpha("#FFDDA2", 
INFO [2024-09-17 14:00:25]     0.3))
INFO [2024-09-17 14:00:25] 
INFO [2024-09-17 14:00:25] $cex
INFO [2024-09-17 14:00:25] [1] 0.6
INFO [2024-09-17 14:00:25] 
INFO [2024-09-17 14:00:25] $fontfamily
INFO [2024-09-17 14:00:25] [1] "sans"
INFO [2024-09-17 14:00:25] 
INFO [2024-09-17 14:00:25] $cat.cex
INFO [2024-09-17 14:00:25] [1] 0.6
INFO [2024-09-17 14:00:25] 
INFO [2024-09-17 14:00:25] $cat.default.pos
INFO [2024-09-17 14:00:25] [1] "outer"
INFO [2024-09-17 14:00:25] 
INFO [2024-09-17 14:00:25] $cat.pos
INFO [2024-09-17 14:00:25] c(-27, 27, 135)
INFO [2024-09-17 14:00:25] 
INFO [2024-09-17 14:00:25] $cat.dist
INFO [2024-09-17 14:00:25] c(0.055, 0.055, 0.085)
INFO [2024-09-17 14:00:25] 
INFO [2024-09-17 14:00:25] $cat.fontfamily
INFO [2024-09-17 14:00:25] [1] "sans"
INFO [2024-09-17 14:00:25] 
INFO [2024-09-17 14:00:25] $rotation
INFO [2024-09-17 14:00:25] [1] 1
INFO [2024-09-17 14:00:25] 
